2023-09-26 21:44:42.016 [info] Log level: Info
2023-09-26 21:44:42.016 [info] Validating found git in: "git"
2023-09-26 21:44:42.016 [info] Using git "2.42.0" from "git"
2023-09-26 21:44:42.016 [info] > git rev-parse --show-toplevel [16ms]
2023-09-26 21:44:42.016 [info] fatal: not a git repository (or any parent up to mount point /)
Stopping at filesystem boundary (GIT_DISCOVERY_ACROSS_FILESYSTEM not set).
2023-09-26 21:44:42.016 [info] > git rev-parse --show-toplevel [1218ms]
2023-09-26 21:44:42.016 [info] fatal: not a git repository (or any parent up to mount point /)
Stopping at filesystem boundary (GIT_DISCOVERY_ACROSS_FILESYSTEM not set).
2023-09-26 21:44:42.017 [info] > git rev-parse --show-toplevel [2ms]
2023-09-26 21:44:42.017 [info] fatal: not a git repository (or any parent up to mount point /)
Stopping at filesystem boundary (GIT_DISCOVERY_ACROSS_FILESYSTEM not set).
2023-09-26 21:44:42.030 [info] > git rev-parse --show-toplevel [3ms]
2023-09-26 21:44:42.030 [info] fatal: not a git repository (or any parent up to mount point /)
Stopping at filesystem boundary (GIT_DISCOVERY_ACROSS_FILESYSTEM not set).
2023-09-26 21:44:42.039 [info] > git rev-parse --show-toplevel [2ms]
2023-09-26 21:44:42.039 [info] fatal: not a git repository (or any parent up to mount point /)
Stopping at filesystem boundary (GIT_DISCOVERY_ACROSS_FILESYSTEM not set).
2023-09-26 21:44:42.063 [info] > git rev-parse --show-toplevel [15ms]
2023-09-26 21:44:42.110 [info] > git rev-parse --git-dir --git-common-dir [8ms]
2023-09-26 21:44:42.116 [info] Open repository: /home/warrenwu/.oh-my-zsh
2023-09-26 21:44:42.353 [info] > git rev-parse --show-toplevel [2ms]
2023-09-26 21:44:42.353 [info] fatal: not a git repository (or any parent up to mount point /)
Stopping at filesystem boundary (GIT_DISCOVERY_ACROSS_FILESYSTEM not set).
2023-09-26 21:44:42.354 [info] > git config --get commit.template [9ms]
2023-09-26 21:44:42.369 [info] > git rev-parse --show-toplevel [8ms]
2023-09-26 21:44:42.369 [info] fatal: not a git repository (or any parent up to mount point /)
Stopping at filesystem boundary (GIT_DISCOVERY_ACROSS_FILESYSTEM not set).
2023-09-26 21:44:42.378 [info] > git rev-parse --show-toplevel [1ms]
2023-09-26 21:44:42.378 [info] fatal: not a git repository (or any parent up to mount point /)
Stopping at filesystem boundary (GIT_DISCOVERY_ACROSS_FILESYSTEM not set).
2023-09-26 21:44:42.385 [info] > git rev-parse --show-toplevel [1ms]
2023-09-26 21:44:42.385 [info] fatal: not a git repository (or any parent up to mount point /)
Stopping at filesystem boundary (GIT_DISCOVERY_ACROSS_FILESYSTEM not set).
2023-09-26 21:44:42.393 [info] > git rev-parse --show-toplevel [2ms]
2023-09-26 21:44:42.393 [info] fatal: not a git repository (or any parent up to mount point /)
Stopping at filesystem boundary (GIT_DISCOVERY_ACROSS_FILESYSTEM not set).
2023-09-26 21:44:42.404 [info] > git rev-parse --show-toplevel [5ms]
2023-09-26 21:44:42.404 [info] fatal: not a git repository (or any parent up to mount point /)
Stopping at filesystem boundary (GIT_DISCOVERY_ACROSS_FILESYSTEM not set).
2023-09-26 21:44:42.583 [info] > git for-each-ref --format=%(refname)%00%(upstream:short)%00%(objectname)%00%(upstream:track)%00%(upstream:remotename)%00%(upstream:remoteref) refs/heads/master refs/remotes/master [214ms]
2023-09-26 21:44:42.873 [info] > git check-ignore -v -z --stdin [2ms]
2023-09-26 21:44:44.455 [info] > git status -z -uall [1851ms]
2023-09-26 21:44:44.476 [info] > git config --get commit.template [6ms]
2023-09-26 21:44:44.579 [info] > git for-each-ref --format=%(refname)%00%(upstream:short)%00%(objectname)%00%(upstream:track)%00%(upstream:remotename)%00%(upstream:remoteref) refs/heads/master refs/remotes/master [90ms]
2023-09-26 21:44:44.622 [info] > git status -z -uall [35ms]
