2023-09-26 19:47:58.846 [info] Getting Manifest... ms-python.python
2023-09-26 19:47:58.958 [info] Installing extension: ms-python.python
2023-09-26 19:48:01.083 [info] Getting Manifest... esbenp.prettier-vscode
2023-09-26 19:48:01.172 [info] Installing extension: esbenp.prettier-vscode
2023-09-26 19:48:10.040 [info] Extension signature verification is not done: esbenp.prettier-vscode
2023-09-26 19:48:10.340 [info] Extracted extension to file:///home/warrenwu/.vscode-oss/extensions/esbenp.prettier-vscode-10.1.0-universal: esbenp.prettier-vscode
2023-09-26 19:48:10.390 [info] Renamed to /home/warrenwu/.vscode-oss/extensions/esbenp.prettier-vscode-10.1.0-universal
2023-09-26 19:48:10.396 [info] Extracting extension completed. esbenp.prettier-vscode
2023-09-26 19:48:10.489 [info] Extension installed successfully: esbenp.prettier-vscode
2023-09-26 19:48:21.382 [info] Extension signature verification is not done: ms-python.python
2023-09-26 19:48:24.862 [info] Extracted extension to file:///home/warrenwu/.vscode-oss/extensions/ms-python.python-2023.16.0-universal: ms-python.python
2023-09-26 19:48:24.975 [info] Renamed to /home/warrenwu/.vscode-oss/extensions/ms-python.python-2023.16.0-universal
2023-09-26 19:48:25.030 [info] Extracting extension completed. ms-python.python
2023-09-26 19:48:25.126 [info] Extension installed successfully: ms-python.python
2023-09-26 19:49:09.395 [info] Getting Manifest... s-nlf-fh.glassit
2023-09-26 19:49:09.487 [info] Installing extension: s-nlf-fh.glassit
2023-09-26 19:49:11.975 [info] Extension signature verification is not done: s-nlf-fh.glassit
2023-09-26 19:49:12.144 [info] Extracted extension to file:///home/warrenwu/.vscode-oss/extensions/s-nlf-fh.glassit-0.2.3-universal: s-nlf-fh.glassit
2023-09-26 19:49:12.272 [info] Renamed to /home/warrenwu/.vscode-oss/extensions/s-nlf-fh.glassit-0.2.3-universal
2023-09-26 19:49:12.274 [info] Extracting extension completed. s-nlf-fh.glassit
2023-09-26 19:49:12.343 [info] Extension installed successfully: s-nlf-fh.glassit
2023-09-26 19:50:03.116 [info] Getting Manifest... ms-python.black-formatter
2023-09-26 19:50:03.351 [info] Installing extension: ms-python.black-formatter
2023-09-26 19:50:03.618 [info] Getting Manifest... ms-python.python
2023-09-26 19:50:11.232 [info] Extension signature verification is not done: ms-python.black-formatter
2023-09-26 19:50:11.775 [info] Extracted extension to file:///home/warrenwu/.vscode-oss/extensions/ms-python.black-formatter-2023.4.1-universal: ms-python.black-formatter
2023-09-26 19:50:11.857 [info] Renamed to /home/warrenwu/.vscode-oss/extensions/ms-python.black-formatter-2023.4.1-universal
2023-09-26 19:50:11.872 [info] Extracting extension completed. ms-python.black-formatter
2023-09-26 19:50:11.934 [info] Extension installed successfully: ms-python.black-formatter
2023-09-26 19:50:15.291 [info] Getting Manifest... aaron-bond.better-comments
2023-09-26 19:50:15.384 [info] Installing extension: aaron-bond.better-comments
2023-09-26 19:50:16.406 [info] Extension signature verification is not done: aaron-bond.better-comments
2023-09-26 19:50:16.509 [info] Extracted extension to file:///home/warrenwu/.vscode-oss/extensions/aaron-bond.better-comments-3.0.2-universal: aaron-bond.better-comments
2023-09-26 19:50:16.553 [info] Renamed to /home/warrenwu/.vscode-oss/extensions/aaron-bond.better-comments-3.0.2-universal
2023-09-26 19:50:16.555 [info] Extracting extension completed. aaron-bond.better-comments
2023-09-26 19:50:16.662 [info] Extension installed successfully: aaron-bond.better-comments
