2023-09-26 22:01:08.506 [info] Reading sessions from keychain...
2023-09-26 22:01:08.506 [info] Getting sessions for all scopes...
2023-09-26 22:01:08.506 [info] Getting sessions for user:email...
2023-09-26 22:01:08.690 [info] Got stored sessions!
2023-09-26 22:01:08.691 [info] Got 1 verified sessions.
2023-09-26 22:01:08.691 [info] Got 1 sessions for ...
2023-09-26 22:01:08.691 [info] Got 1 sessions for user:email...
2023-09-26 22:01:08.692 [info] Getting sessions for all scopes...
2023-09-26 22:01:08.692 [info] Got 1 sessions for ...
2023-09-26 22:01:10.500 [info] Getting sessions for read:user...
2023-09-26 22:01:10.500 [info] Got 0 sessions for read:user...
2023-09-26 22:01:10.502 [info] Getting sessions for user:email...
2023-09-26 22:01:10.502 [info] Got 1 sessions for user:email...
2023-09-26 22:01:10.561 [info] Getting sessions for all scopes...
2023-09-26 22:01:10.561 [info] Got 1 sessions for ...
2023-09-26 22:01:10.592 [info] Getting sessions for user:email...
2023-09-26 22:01:10.592 [info] Got 1 sessions for user:email...
2023-09-26 22:01:11.374 [info] Getting sessions for user:email...
2023-09-26 22:01:11.374 [info] Got 1 sessions for user:email...
2023-09-26 22:26:11.332 [info] Getting sessions for user:email...
2023-09-26 22:26:11.332 [info] Got 1 sessions for user:email...
2023-09-26 22:26:11.394 [info] Getting sessions for read:user...
2023-09-26 22:26:11.394 [info] Got 0 sessions for read:user...
2023-09-26 22:26:11.405 [info] Getting sessions for user:email...
2023-09-26 22:26:11.405 [info] Got 1 sessions for user:email...
2023-09-26 23:23:29.743 [info] Getting sessions for read:user...
2023-09-26 23:23:29.743 [info] Got 0 sessions for read:user...
2023-09-26 23:23:29.747 [info] Getting sessions for user:email...
2023-09-26 23:23:29.747 [info] Got 1 sessions for user:email...
2023-09-26 23:23:30.042 [info] Getting sessions for read:user...
2023-09-26 23:23:30.042 [info] Got 0 sessions for read:user...
2023-09-26 23:23:30.047 [info] Getting sessions for user:email...
2023-09-26 23:23:30.047 [info] Got 1 sessions for user:email...
