2023-09-26 21:20:49.029 [info] Reading sessions from keychain...
2023-09-26 21:20:49.029 [info] Getting sessions for all scopes...
2023-09-26 21:20:49.029 [info] Got stored sessions!
2023-09-26 21:20:49.029 [info] Got 1 verified sessions.
2023-09-26 21:20:49.029 [info] Got 1 sessions for ...
2023-09-26 21:20:49.029 [info] Getting sessions for user:email...
2023-09-26 21:20:49.029 [info] Got 1 sessions for user:email...
2023-09-26 21:20:49.029 [info] Getting sessions for read:user...
2023-09-26 21:20:49.029 [info] Got 0 sessions for read:user...
2023-09-26 21:20:49.029 [info] Getting sessions for user:email...
2023-09-26 21:20:49.029 [info] Got 1 sessions for user:email...
2023-09-26 21:20:49.029 [info] Getting sessions for read:user,repo,user:email,workflow...
2023-09-26 21:20:49.029 [info] Got 0 sessions for read:user,repo,user:email,workflow...
2023-09-26 21:20:49.095 [info] Getting sessions for all scopes...
2023-09-26 21:20:49.095 [info] Got 1 sessions for ...
2023-09-26 21:20:49.123 [info] Getting sessions for user:email...
2023-09-26 21:20:49.123 [info] Got 1 sessions for user:email...
2023-09-26 21:20:49.430 [info] Getting sessions for all scopes...
2023-09-26 21:20:49.430 [info] Got 1 sessions for ...
2023-09-26 21:20:50.171 [info] Getting sessions for user:email...
2023-09-26 21:20:50.171 [info] Got 1 sessions for user:email...
