2023-09-26 19:47:47.699 [info] Log level: Info
2023-09-26 19:47:47.699 [info] Validating found git in: "git"
2023-09-26 19:47:47.699 [info] Using git "2.42.0" from "git"
2023-09-26 19:47:47.699 [info] > git rev-parse --show-toplevel [9ms]
2023-09-26 19:47:47.699 [info] fatal: not a git repository (or any parent up to mount point /)
Stopping at filesystem boundary (GIT_DISCOVERY_ACROSS_FILESYSTEM not set).
2023-09-26 19:47:47.699 [info] > git rev-parse --show-toplevel [31ms]
2023-09-26 19:47:47.699 [info] fatal: not a git repository (or any parent up to mount point /)
Stopping at filesystem boundary (GIT_DISCOVERY_ACROSS_FILESYSTEM not set).
2023-09-26 19:48:10.749 [info] > git rev-parse --show-toplevel [6ms]
2023-09-26 19:48:10.749 [info] fatal: not a git repository (or any parent up to mount point /)
Stopping at filesystem boundary (GIT_DISCOVERY_ACROSS_FILESYSTEM not set).
2023-09-26 19:48:10.843 [info] > git rev-parse --show-toplevel [2ms]
2023-09-26 19:48:10.843 [info] fatal: not a git repository (or any parent up to mount point /)
Stopping at filesystem boundary (GIT_DISCOVERY_ACROSS_FILESYSTEM not set).
2023-09-26 19:48:25.276 [info] > git rev-parse --show-toplevel [3ms]
2023-09-26 19:48:25.276 [info] fatal: not a git repository (or any parent up to mount point /)
Stopping at filesystem boundary (GIT_DISCOVERY_ACROSS_FILESYSTEM not set).
2023-09-26 19:49:12.476 [info] > git rev-parse --show-toplevel [22ms]
2023-09-26 19:49:12.476 [info] fatal: not a git repository (or any parent up to mount point /)
Stopping at filesystem boundary (GIT_DISCOVERY_ACROSS_FILESYSTEM not set).
2023-09-26 19:49:13.207 [info] > git rev-parse --show-toplevel [24ms]
2023-09-26 19:49:13.207 [info] fatal: not a git repository (or any parent up to mount point /)
Stopping at filesystem boundary (GIT_DISCOVERY_ACROSS_FILESYSTEM not set).
2023-09-26 19:49:24.182 [info] > git rev-parse --show-toplevel [2ms]
2023-09-26 19:49:24.182 [info] fatal: not a git repository (or any parent up to mount point /)
Stopping at filesystem boundary (GIT_DISCOVERY_ACROSS_FILESYSTEM not set).
2023-09-26 19:49:24.653 [info] > git rev-parse --show-toplevel [8ms]
2023-09-26 19:49:24.653 [info] fatal: not a git repository (or any parent up to mount point /)
Stopping at filesystem boundary (GIT_DISCOVERY_ACROSS_FILESYSTEM not set).
2023-09-26 19:49:24.914 [info] > git rev-parse --show-toplevel [4ms]
2023-09-26 19:49:24.914 [info] fatal: not a git repository (or any parent up to mount point /)
Stopping at filesystem boundary (GIT_DISCOVERY_ACROSS_FILESYSTEM not set).
2023-09-26 19:49:25.271 [info] > git rev-parse --show-toplevel [2ms]
2023-09-26 19:49:25.272 [info] fatal: not a git repository (or any parent up to mount point /)
Stopping at filesystem boundary (GIT_DISCOVERY_ACROSS_FILESYSTEM not set).
2023-09-26 19:49:25.648 [info] > git rev-parse --show-toplevel [2ms]
2023-09-26 19:49:25.648 [info] fatal: not a git repository (or any parent up to mount point /)
Stopping at filesystem boundary (GIT_DISCOVERY_ACROSS_FILESYSTEM not set).
2023-09-26 19:49:26.099 [info] > git rev-parse --show-toplevel [2ms]
2023-09-26 19:49:26.099 [info] fatal: not a git repository (or any parent up to mount point /)
Stopping at filesystem boundary (GIT_DISCOVERY_ACROSS_FILESYSTEM not set).
2023-09-26 19:49:26.925 [info] > git rev-parse --show-toplevel [3ms]
2023-09-26 19:49:26.925 [info] fatal: not a git repository (or any parent up to mount point /)
Stopping at filesystem boundary (GIT_DISCOVERY_ACROSS_FILESYSTEM not set).
2023-09-26 19:49:27.206 [info] > git rev-parse --show-toplevel [3ms]
2023-09-26 19:49:27.206 [info] fatal: not a git repository (or any parent up to mount point /)
Stopping at filesystem boundary (GIT_DISCOVERY_ACROSS_FILESYSTEM not set).
2023-09-26 19:49:27.406 [info] > git rev-parse --show-toplevel [5ms]
2023-09-26 19:49:27.406 [info] fatal: not a git repository (or any parent up to mount point /)
Stopping at filesystem boundary (GIT_DISCOVERY_ACROSS_FILESYSTEM not set).
2023-09-26 19:49:27.819 [info] > git rev-parse --show-toplevel [2ms]
2023-09-26 19:49:27.819 [info] fatal: not a git repository (or any parent up to mount point /)
Stopping at filesystem boundary (GIT_DISCOVERY_ACROSS_FILESYSTEM not set).
2023-09-26 19:49:28.085 [info] > git rev-parse --show-toplevel [1ms]
2023-09-26 19:49:28.085 [info] fatal: not a git repository (or any parent up to mount point /)
Stopping at filesystem boundary (GIT_DISCOVERY_ACROSS_FILESYSTEM not set).
2023-09-26 19:50:12.050 [info] > git rev-parse --show-toplevel [6ms]
2023-09-26 19:50:12.050 [info] fatal: not a git repository (or any parent up to mount point /)
Stopping at filesystem boundary (GIT_DISCOVERY_ACROSS_FILESYSTEM not set).
2023-09-26 19:50:16.780 [info] > git rev-parse --show-toplevel [12ms]
2023-09-26 19:50:16.780 [info] fatal: not a git repository (or any parent up to mount point /)
Stopping at filesystem boundary (GIT_DISCOVERY_ACROSS_FILESYSTEM not set).
