2023-09-26 19:47:46.694 [info] Added views:workbench.panel.markers.view in workbench.panel.markers
2023-09-26 19:47:46.694 [info] Added views:workbench.panel.output in workbench.panel.output
2023-09-26 19:47:46.694 [info] Added views:terminal in terminal
2023-09-26 19:47:46.694 [info] Added views:workbench.scm in workbench.view.scm
2023-09-26 19:47:46.694 [info] Added views:workbench.view.search in workbench.view.search
2023-09-26 19:47:46.694 [info] Added views:outline in workbench.view.explorer
2023-09-26 19:47:46.694 [info] Added views:timeline in workbench.view.explorer
2023-09-26 19:47:46.694 [info] Added views:workbench.explorer.fileView in workbench.view.explorer
2023-09-26 19:47:47.267 [info] Added views:workbench.debug.variablesView,workbench.debug.watchExpressionsView,workbench.debug.callStackView,workbench.debug.breakPointsView in workbench.view.debug
2023-09-26 19:47:47.362 [info] Added views:~remote.forwardedPorts in ~remote.forwardedPortsContainer
2023-09-26 19:47:47.444 [info] Added views:workbench.panel.repl.view in workbench.panel.repl
2023-09-26 19:47:47.446 [info] Removed views:workbench.debug.breakPointsView,workbench.debug.callStackView,workbench.debug.watchExpressionsView,workbench.debug.variablesView from workbench.view.debug
2023-09-26 19:47:47.447 [info] Added views:workbench.debug.welcome in workbench.view.debug
2023-09-26 19:47:51.653 [info] Added views:workbench.views.extensions.installed,workbench.views.extensions.popular,extensions.recommendedList in workbench.view.extensions
2023-09-26 19:47:51.671 [info] Removed views:workbench.views.extensions.popular from workbench.view.extensions
2023-09-26 19:47:52.089 [info] Added views:workbench.views.extensions.popular in workbench.view.extensions
2023-09-26 19:48:27.035 [info] Removed views:extensions.recommendedList,workbench.views.extensions.popular,workbench.views.extensions.installed from workbench.view.extensions
2023-09-26 19:48:27.055 [info] Added views:workbench.views.extensions.marketplace in workbench.view.extensions
2023-09-26 19:48:50.194 [info] Removed views:workbench.views.extensions.marketplace from workbench.view.extensions
2023-09-26 19:48:50.221 [info] Added views:workbench.views.extensions.installed,workbench.views.extensions.popular,extensions.recommendedList in workbench.view.extensions
2023-09-26 19:49:05.307 [info] Removed views:extensions.recommendedList,workbench.views.extensions.popular,workbench.views.extensions.installed from workbench.view.extensions
2023-09-26 19:49:05.329 [info] Added views:workbench.views.extensions.marketplace in workbench.view.extensions
2023-09-26 19:49:37.797 [info] Removed views:workbench.views.extensions.marketplace from workbench.view.extensions
2023-09-26 19:49:37.828 [info] Added views:workbench.views.extensions.installed,workbench.views.extensions.popular,extensions.recommendedList in workbench.view.extensions
2023-09-26 19:49:53.614 [info] Removed views:extensions.recommendedList,workbench.views.extensions.popular,workbench.views.extensions.installed from workbench.view.extensions
2023-09-26 19:49:53.660 [info] Added views:workbench.views.extensions.marketplace in workbench.view.extensions
2023-09-26 19:50:58.004 [info] Removed views:workbench.views.extensions.marketplace from workbench.view.extensions
2023-09-26 19:50:58.033 [info] Added views:workbench.views.extensions.installed,workbench.views.extensions.popular,extensions.recommendedList in workbench.view.extensions
