2023-09-27 01:13:47.868 [info] Reading sessions from keychain...
2023-09-27 01:13:47.869 [info] Getting sessions for all scopes...
2023-09-27 01:13:47.869 [info] Getting sessions for user:email...
2023-09-27 01:13:47.869 [info] Got stored sessions!
2023-09-27 01:13:47.869 [info] Got 1 verified sessions.
2023-09-27 01:13:47.869 [info] Got 1 sessions for ...
2023-09-27 01:13:47.869 [info] Got 1 sessions for user:email...
2023-09-27 01:13:47.869 [info] Getting sessions for all scopes...
2023-09-27 01:13:47.869 [info] Got 1 sessions for ...
2023-09-27 01:13:47.869 [info] Getting sessions for read:user...
2023-09-27 01:13:47.869 [info] Got 0 sessions for read:user...
2023-09-27 01:13:47.869 [info] Getting sessions for user:email...
2023-09-27 01:13:47.869 [info] Got 1 sessions for user:email...
2023-09-27 01:13:47.923 [info] Getting sessions for all scopes...
2023-09-27 01:13:47.923 [info] Got 1 sessions for ...
2023-09-27 01:13:47.923 [info] Getting sessions for user:email...
2023-09-27 01:13:47.923 [info] Got 1 sessions for user:email...
2023-09-27 01:13:48.682 [info] Getting sessions for user:email...
2023-09-27 01:13:48.682 [info] Got 1 sessions for user:email...
2023-09-27 01:38:48.612 [info] Getting sessions for user:email...
2023-09-27 01:38:48.613 [info] Got 1 sessions for user:email...
2023-09-27 01:38:48.697 [info] Getting sessions for read:user...
2023-09-27 01:38:48.697 [info] Got 0 sessions for read:user...
2023-09-27 01:38:48.699 [info] Getting sessions for user:email...
2023-09-27 01:38:48.699 [info] Got 1 sessions for user:email...
2023-09-27 01:38:49.254 [info] Getting sessions for user:email...
2023-09-27 01:38:49.254 [info] Got 1 sessions for user:email...
2023-09-27 02:03:49.265 [info] Getting sessions for user:email...
2023-09-27 02:03:49.265 [info] Got 1 sessions for user:email...
2023-09-27 02:03:49.266 [info] Getting sessions for read:user...
2023-09-27 02:03:49.266 [info] Got 0 sessions for read:user...
2023-09-27 02:03:49.273 [info] Getting sessions for user:email...
2023-09-27 02:03:49.273 [info] Got 1 sessions for user:email...
2023-09-27 02:03:49.721 [info] Getting sessions for user:email...
2023-09-27 02:03:49.721 [info] Got 1 sessions for user:email...
