2023-09-26 04:33:27.470 [info] Extension host with pid 4095 started
2023-09-26 04:33:27.470 [info] Skipping acquiring lock for /home/warrenwu/.config/Code - OSS/User/workspaceStorage/7b9a2296977d1e5f3c1a37b1e9437f3b.
2023-09-26 04:33:27.803 [info] ExtensionService#_doActivateExtension vscode.git-base, startup: true, activationEvent: '*'
2023-09-26 04:33:27.927 [info] ExtensionService#_doActivateExtension vscode.github, startup: true, activationEvent: '*'
2023-09-26 04:33:28.014 [info] Eager extensions activated
2023-09-26 04:33:28.022 [info] ExtensionService#_doActivateExtension vscode.debug-auto-launch, startup: false, activationEvent: 'onStartupFinished'
2023-09-26 04:33:28.047 [info] ExtensionService#_doActivateExtension vscode.merge-conflict, startup: false, activationEvent: 'onStartupFinished'
2023-09-26 04:33:29.807 [info] ExtensionService#_doActivateExtension vscode.git, startup: false, activationEvent: 'api', root cause: vscode.github
2023-09-26 04:33:31.046 [info] ExtensionService#_doActivateExtension vscode.github-authentication, startup: false, activationEvent: 'onAuthenticationRequest:github'
2023-09-26 04:33:54.034 [info] Extension host terminating: renderer closed the MessagePort
2023-09-26 04:33:54.059 [error] Canceled: Canceled
	at new h (/usr/lib/code/out/vs/workbench/api/node/extensionHostProcess.js:107:57382)
	at i.O (/usr/lib/code/out/vs/workbench/api/node/extensionHostProcess.js:116:10850)
	at j.<computed>.T.charCodeAt.j.<computed> (/usr/lib/code/out/vs/workbench/api/node/extensionHostProcess.js:116:8289)
	at r.g (/usr/lib/code/out/vs/workbench/api/node/extensionHostProcess.js:107:82208)
	at r.executeCommand (/usr/lib/code/out/vs/workbench/api/node/extensionHostProcess.js:107:81646)
	at u.registerCommand.description (/usr/lib/code/out/vs/workbench/api/node/extensionHostProcess.js:107:80967)
	at r.h (/usr/lib/code/out/vs/workbench/api/node/extensionHostProcess.js:107:82744)
	at r.g (/usr/lib/code/out/vs/workbench/api/node/extensionHostProcess.js:107:81739)
	at r.executeCommand (/usr/lib/code/out/vs/workbench/api/node/extensionHostProcess.js:107:81646)
	at Object.executeCommand (/usr/lib/code/out/vs/workbench/api/node/extensionHostProcess.js:122:21247)
	at n.D [as value] (/usr/lib/code/extensions/git/dist/main.js:2:1309000)
	at m.w (/usr/lib/code/out/vs/workbench/api/node/extensionHostProcess.js:63:1902)
	at m.x (/usr/lib/code/out/vs/workbench/api/node/extensionHostProcess.js:63:1972)
	at m.fire (/usr/lib/code/out/vs/workbench/api/node/extensionHostProcess.js:63:2188)
	at Object.m [as dispose] (/usr/lib/code/extensions/git/dist/main.js:2:1324784)
	at /usr/lib/code/extensions/git/dist/main.js:2:1329625
	at Array.forEach (<anonymous>)
	at g.dispose (/usr/lib/code/extensions/git/dist/main.js:2:1329611)
	at E.<anonymous> (/usr/lib/code/out/vs/workbench/api/node/extensionHostProcess.js:103:3484)
	at E.dispose (/usr/lib/code/out/vs/workbench/api/node/extensionHostProcess.js:103:3581)
	at E.<anonymous> (/usr/lib/code/extensions/git/dist/main.js:2:1311012)
	at E.dispose (/usr/lib/code/out/vs/workbench/api/node/extensionHostProcess.js:103:3581)
	at k (/usr/lib/code/out/vs/workbench/api/node/extensionHostProcess.js:13:11730)
	at n.Z (/usr/lib/code/out/vs/workbench/api/node/extensionHostProcess.js:118:9652)
	at /usr/lib/code/out/vs/workbench/api/node/extensionHostProcess.js:118:7585
	at Array.map (<anonymous>)
	at n.S (/usr/lib/code/out/vs/workbench/api/node/extensionHostProcess.js:118:7572)
	at n.terminate (/usr/lib/code/out/vs/workbench/api/node/extensionHostProcess.js:118:7844)
	at o.terminate (/usr/lib/code/out/vs/workbench/api/node/extensionHostProcess.js:122:1513)
	at D (/usr/lib/code/out/vs/workbench/api/node/extensionHostProcess.js:135:9800)
	at MessagePortMain.<anonymous> (/usr/lib/code/out/vs/workbench/api/node/extensionHostProcess.js:135:6225)
	at MessagePortMain.emit (node:events:513:28)
	at MessagePortMain._internalPort.emit (node:electron/js2c/utility_init:2:367) setContext undefined
2023-09-26 04:33:54.060 [error] Canceled: Canceled
	at new h (/usr/lib/code/out/vs/workbench/api/node/extensionHostProcess.js:107:57382)
	at i.O (/usr/lib/code/out/vs/workbench/api/node/extensionHostProcess.js:116:10850)
	at j.<computed>.T.charCodeAt.j.<computed> (/usr/lib/code/out/vs/workbench/api/node/extensionHostProcess.js:116:8289)
	at r.g (/usr/lib/code/out/vs/workbench/api/node/extensionHostProcess.js:107:82208)
	at r.executeCommand (/usr/lib/code/out/vs/workbench/api/node/extensionHostProcess.js:107:81646)
	at u.registerCommand.description (/usr/lib/code/out/vs/workbench/api/node/extensionHostProcess.js:107:80967)
	at r.h (/usr/lib/code/out/vs/workbench/api/node/extensionHostProcess.js:107:82744)
	at r.g (/usr/lib/code/out/vs/workbench/api/node/extensionHostProcess.js:107:81739)
	at r.executeCommand (/usr/lib/code/out/vs/workbench/api/node/extensionHostProcess.js:107:81646)
	at Object.executeCommand (/usr/lib/code/out/vs/workbench/api/node/extensionHostProcess.js:122:21247)
	at set b [as b] (/usr/lib/code/extensions/github/dist/extension.js:2:714434)
	at /usr/lib/code/extensions/github/dist/extension.js:2:715075
	at n.value (/usr/lib/code/extensions/git/dist/main.js:2:1396602)
	at m.w (/usr/lib/code/out/vs/workbench/api/node/extensionHostProcess.js:63:1902)
	at m.x (/usr/lib/code/out/vs/workbench/api/node/extensionHostProcess.js:63:1972)
	at m.fire (/usr/lib/code/out/vs/workbench/api/node/extensionHostProcess.js:63:2188)
	at Object.m [as dispose] (/usr/lib/code/extensions/git/dist/main.js:2:1324784)
	at /usr/lib/code/extensions/git/dist/main.js:2:1329625
	at Array.forEach (<anonymous>)
	at g.dispose (/usr/lib/code/extensions/git/dist/main.js:2:1329611)
	at E.<anonymous> (/usr/lib/code/out/vs/workbench/api/node/extensionHostProcess.js:103:3484)
	at E.dispose (/usr/lib/code/out/vs/workbench/api/node/extensionHostProcess.js:103:3581)
	at E.<anonymous> (/usr/lib/code/extensions/git/dist/main.js:2:1311012)
	at E.dispose (/usr/lib/code/out/vs/workbench/api/node/extensionHostProcess.js:103:3581)
	at k (/usr/lib/code/out/vs/workbench/api/node/extensionHostProcess.js:13:11730)
	at n.Z (/usr/lib/code/out/vs/workbench/api/node/extensionHostProcess.js:118:9652)
	at /usr/lib/code/out/vs/workbench/api/node/extensionHostProcess.js:118:7585
	at Array.map (<anonymous>)
	at n.S (/usr/lib/code/out/vs/workbench/api/node/extensionHostProcess.js:118:7572)
	at n.terminate (/usr/lib/code/out/vs/workbench/api/node/extensionHostProcess.js:118:7844)
	at o.terminate (/usr/lib/code/out/vs/workbench/api/node/extensionHostProcess.js:122:1513)
	at D (/usr/lib/code/out/vs/workbench/api/node/extensionHostProcess.js:135:9800)
	at MessagePortMain.<anonymous> (/usr/lib/code/out/vs/workbench/api/node/extensionHostProcess.js:135:6225)
	at MessagePortMain.emit (node:events:513:28)
	at MessagePortMain._internalPort.emit (node:electron/js2c/utility_init:2:367) setContext undefined
2023-09-26 04:33:54.060 [info] Extension host with pid 4095 exiting with code 0
