2023-09-26 21:44:37.558 [info] Reading sessions from keychain...
2023-09-26 21:44:37.566 [info] Getting sessions for all scopes...
2023-09-26 21:44:37.571 [info] Getting sessions for user:email...
2023-09-26 21:44:38.846 [info] Got stored sessions!
2023-09-26 21:44:38.846 [info] Got 1 verified sessions.
2023-09-26 21:44:38.846 [info] Got 1 sessions for ...
2023-09-26 21:44:38.846 [info] Got 1 sessions for user:email...
2023-09-26 21:44:38.846 [info] Getting sessions for all scopes...
2023-09-26 21:44:38.846 [info] Got 1 sessions for ...
2023-09-26 21:44:42.002 [info] Getting sessions for all scopes...
2023-09-26 21:44:42.002 [info] Got 1 sessions for ...
2023-09-26 21:44:42.016 [info] Getting sessions for read:user...
2023-09-26 21:44:42.016 [info] Got 0 sessions for read:user...
2023-09-26 21:44:42.017 [info] Getting sessions for user:email...
2023-09-26 21:44:42.017 [info] Got 1 sessions for user:email...
2023-09-26 21:44:42.037 [info] Getting sessions for user:email...
2023-09-26 21:44:42.037 [info] Got 1 sessions for user:email...
2023-09-26 21:44:42.754 [info] Getting sessions for user:email...
2023-09-26 21:44:42.754 [info] Got 1 sessions for user:email...
2023-09-26 21:44:44.476 [info] Getting sessions for read:user,repo,user:email,workflow...
2023-09-26 21:44:44.476 [info] Got 0 sessions for read:user,repo,user:email,workflow...
