2023-09-27 02:26:19.865 [info] Log level: Info
2023-09-27 02:26:19.865 [info] Validating found git in: "git"
2023-09-27 02:26:19.865 [info] Using git "2.42.0" from "git"
2023-09-27 02:26:19.865 [info] > git rev-parse --show-toplevel [4ms]
2023-09-27 02:26:19.865 [info] fatal: not a git repository (or any parent up to mount point /)
Stopping at filesystem boundary (GIT_DISCOVERY_ACROSS_FILESYSTEM not set).
2023-09-27 02:26:21.620 [info] > git rev-parse --show-toplevel [30ms]
2023-09-27 02:26:21.620 [info] fatal: not a git repository (or any parent up to mount point /)
Stopping at filesystem boundary (GIT_DISCOVERY_ACROSS_FILESYSTEM not set).
2023-09-27 02:26:21.650 [info] > git rev-parse --show-toplevel [5ms]
2023-09-27 02:26:21.650 [info] fatal: not a git repository (or any parent up to mount point /)
Stopping at filesystem boundary (GIT_DISCOVERY_ACROSS_FILESYSTEM not set).
2023-09-27 02:26:21.679 [info] > git rev-parse --show-toplevel [2ms]
2023-09-27 02:26:21.679 [info] fatal: not a git repository (or any parent up to mount point /)
Stopping at filesystem boundary (GIT_DISCOVERY_ACROSS_FILESYSTEM not set).
2023-09-27 02:26:21.702 [info] > git rev-parse --show-toplevel [6ms]
2023-09-27 02:26:21.702 [info] fatal: not a git repository (or any parent up to mount point /)
Stopping at filesystem boundary (GIT_DISCOVERY_ACROSS_FILESYSTEM not set).
2023-09-27 02:26:21.735 [info] > git rev-parse --show-toplevel [22ms]
2023-09-27 02:26:21.735 [info] fatal: not a git repository (or any parent up to mount point /)
Stopping at filesystem boundary (GIT_DISCOVERY_ACROSS_FILESYSTEM not set).
2023-09-27 02:26:21.763 [info] > git rev-parse --show-toplevel [4ms]
2023-09-27 02:26:21.763 [info] fatal: not a git repository (or any parent up to mount point /)
Stopping at filesystem boundary (GIT_DISCOVERY_ACROSS_FILESYSTEM not set).
2023-09-27 02:26:21.780 [info] > git rev-parse --show-toplevel [3ms]
2023-09-27 02:26:21.780 [info] fatal: not a git repository (or any parent up to mount point /)
Stopping at filesystem boundary (GIT_DISCOVERY_ACROSS_FILESYSTEM not set).
2023-09-27 16:48:52.958 [info] > git rev-parse --show-toplevel [2ms]
2023-09-27 16:48:52.958 [info] fatal: not a git repository (or any parent up to mount point /)
Stopping at filesystem boundary (GIT_DISCOVERY_ACROSS_FILESYSTEM not set).
