2023-09-27 01:13:46.193 [info] Log level: Info
2023-09-27 01:13:46.193 [info] Validating found git in: "git"
2023-09-27 01:13:46.193 [info] Using git "2.42.0" from "git"
2023-09-27 01:13:46.193 [info] > git rev-parse --show-toplevel [9ms]
2023-09-27 01:13:46.193 [info] fatal: not a git repository (or any parent up to mount point /)
Stopping at filesystem boundary (GIT_DISCOVERY_ACROSS_FILESYSTEM not set).
2023-09-27 01:13:46.200 [info] > git rev-parse --show-toplevel [10ms]
2023-09-27 01:13:46.200 [info] fatal: not a git repository (or any parent up to mount point /)
Stopping at filesystem boundary (GIT_DISCOVERY_ACROSS_FILESYSTEM not set).
2023-09-27 01:13:47.841 [info] > git rev-parse --show-toplevel [13ms]
2023-09-27 01:13:47.841 [info] fatal: not a git repository (or any parent up to mount point /)
Stopping at filesystem boundary (GIT_DISCOVERY_ACROSS_FILESYSTEM not set).
2023-09-27 01:13:47.913 [info] > git rev-parse --show-toplevel [30ms]
2023-09-27 01:13:47.913 [info] fatal: not a git repository (or any parent up to mount point /)
Stopping at filesystem boundary (GIT_DISCOVERY_ACROSS_FILESYSTEM not set).
2023-09-27 01:14:07.028 [info] > git rev-parse --show-toplevel [4ms]
2023-09-27 01:14:07.028 [info] fatal: not a git repository (or any parent up to mount point /)
Stopping at filesystem boundary (GIT_DISCOVERY_ACROSS_FILESYSTEM not set).
2023-09-27 01:53:30.490 [info] > git rev-parse --show-toplevel [4ms]
2023-09-27 01:53:30.490 [info] fatal: not a git repository (or any parent up to mount point /)
Stopping at filesystem boundary (GIT_DISCOVERY_ACROSS_FILESYSTEM not set).
2023-09-27 01:53:31.530 [info] > git rev-parse --show-toplevel [4ms]
2023-09-27 01:53:31.530 [info] fatal: not a git repository (or any parent up to mount point /)
Stopping at filesystem boundary (GIT_DISCOVERY_ACROSS_FILESYSTEM not set).
2023-09-27 01:53:31.909 [info] > git rev-parse --show-toplevel [1ms]
2023-09-27 01:53:31.909 [info] fatal: not a git repository (or any parent up to mount point /)
Stopping at filesystem boundary (GIT_DISCOVERY_ACROSS_FILESYSTEM not set).
