2023-09-26 19:51:11.823 [info] Added views:workbench.panel.markers.view in workbench.panel.markers
2023-09-26 19:51:11.823 [info] Added views:workbench.panel.output in workbench.panel.output
2023-09-26 19:51:11.823 [info] Added views:terminal in terminal
2023-09-26 19:51:11.823 [info] Added views:outline in workbench.view.explorer
2023-09-26 19:51:11.823 [info] Added views:workbench.scm in workbench.view.scm
2023-09-26 19:51:11.823 [info] Added views:workbench.view.search in workbench.view.search
2023-09-26 19:51:11.823 [info] Added views:timeline in workbench.view.explorer
2023-09-26 19:51:11.823 [info] Added views:workbench.explorer.fileView in workbench.view.explorer
2023-09-26 19:51:12.627 [info] Added views:workbench.debug.welcome in workbench.view.debug
2023-09-26 19:51:12.708 [info] Added views:workbench.panel.repl.view in workbench.panel.repl
2023-09-26 19:51:12.958 [info] Added views:~remote.forwardedPorts in ~remote.forwardedPortsContainer
2023-09-26 19:51:13.823 [info] Added views:workbench.views.extensions.installed,workbench.views.extensions.popular,extensions.recommendedList in workbench.view.extensions
2023-09-26 19:51:13.837 [info] Removed views:workbench.views.extensions.popular from workbench.view.extensions
2023-09-26 19:51:35.761 [info] Added views:workbench.panel.markers.view in workbench.panel.markers
2023-09-26 19:51:35.761 [info] Added views:workbench.panel.output in workbench.panel.output
2023-09-26 19:51:35.761 [info] Added views:terminal in terminal
2023-09-26 19:51:35.761 [info] Added views:outline in workbench.view.explorer
2023-09-26 19:51:35.761 [info] Added views:workbench.scm in workbench.view.scm
2023-09-26 19:51:35.761 [info] Added views:workbench.view.search in workbench.view.search
2023-09-26 19:51:35.761 [info] Added views:timeline in workbench.view.explorer
2023-09-26 19:51:35.761 [info] Added views:workbench.explorer.fileView in workbench.view.explorer
2023-09-26 19:51:36.093 [info] Added views:workbench.debug.welcome in workbench.view.debug
2023-09-26 19:51:36.229 [info] Added views:workbench.views.extensions.installed,extensions.recommendedList in workbench.view.extensions
2023-09-26 19:51:36.518 [info] Added views:~remote.forwardedPorts in ~remote.forwardedPortsContainer
2023-09-26 19:51:36.883 [info] Added views:workbench.panel.repl.view in workbench.panel.repl
