2023-09-26 21:20:46.823 [info] Log level: Info
2023-09-26 21:20:46.823 [info] Validating found git in: "git"
2023-09-26 21:20:46.823 [info] Using git "2.42.0" from "git"
2023-09-26 21:20:46.823 [info] > git rev-parse --show-toplevel [21ms]
2023-09-26 21:20:46.823 [info] fatal: not a git repository (or any parent up to mount point /)
Stopping at filesystem boundary (GIT_DISCOVERY_ACROSS_FILESYSTEM not set).
2023-09-26 21:20:46.826 [info] > git rev-parse --show-toplevel [11ms]
2023-09-26 21:20:46.826 [info] fatal: not a git repository (or any parent up to mount point /)
Stopping at filesystem boundary (GIT_DISCOVERY_ACROSS_FILESYSTEM not set).
2023-09-26 21:20:46.843 [info] > git rev-parse --show-toplevel [3ms]
2023-09-26 21:20:46.843 [info] fatal: not a git repository (or any parent up to mount point /)
Stopping at filesystem boundary (GIT_DISCOVERY_ACROSS_FILESYSTEM not set).
2023-09-26 21:20:46.863 [info] > git rev-parse --show-toplevel [5ms]
2023-09-26 21:20:46.863 [info] fatal: not a git repository (or any parent up to mount point /)
Stopping at filesystem boundary (GIT_DISCOVERY_ACROSS_FILESYSTEM not set).
2023-09-26 21:20:46.889 [info] > git rev-parse --show-toplevel [6ms]
2023-09-26 21:20:46.889 [info] fatal: not a git repository (or any parent up to mount point /)
Stopping at filesystem boundary (GIT_DISCOVERY_ACROSS_FILESYSTEM not set).
2023-09-26 21:20:47.200 [info] > git rev-parse --show-toplevel [288ms]
2023-09-26 21:20:47.200 [info] fatal: not a git repository (or any parent up to mount point /)
Stopping at filesystem boundary (GIT_DISCOVERY_ACROSS_FILESYSTEM not set).
2023-09-26 21:20:48.608 [info] > git rev-parse --show-toplevel [7ms]
2023-09-26 21:20:48.779 [info] > git rev-parse --git-dir --git-common-dir [9ms]
2023-09-26 21:20:48.786 [info] Open repository: /home/warrenwu/.oh-my-zsh
2023-09-26 21:20:48.809 [info] > git rev-parse --show-toplevel [6ms]
2023-09-26 21:20:48.809 [info] fatal: not a git repository (or any parent up to mount point /)
Stopping at filesystem boundary (GIT_DISCOVERY_ACROSS_FILESYSTEM not set).
2023-09-26 21:20:48.809 [info] > git config --get commit.template [13ms]
2023-09-26 21:20:48.830 [info] > git for-each-ref --format=%(refname)%00%(upstream:short)%00%(objectname)%00%(upstream:track)%00%(upstream:remotename)%00%(upstream:remoteref) refs/heads/master refs/remotes/master [3ms]
2023-09-26 21:20:48.850 [info] > git rev-parse --show-toplevel [32ms]
2023-09-26 21:20:48.850 [info] fatal: not a git repository (or any parent up to mount point /)
Stopping at filesystem boundary (GIT_DISCOVERY_ACROSS_FILESYSTEM not set).
2023-09-26 21:20:48.886 [info] > git rev-parse --show-toplevel [5ms]
2023-09-26 21:20:48.886 [info] fatal: not a git repository (or any parent up to mount point /)
Stopping at filesystem boundary (GIT_DISCOVERY_ACROSS_FILESYSTEM not set).
2023-09-26 21:20:48.899 [info] > git rev-parse --show-toplevel [4ms]
2023-09-26 21:20:48.899 [info] fatal: not a git repository (or any parent up to mount point /)
Stopping at filesystem boundary (GIT_DISCOVERY_ACROSS_FILESYSTEM not set).
2023-09-26 21:20:48.927 [info] > git status -z -uall [78ms]
2023-09-26 21:20:48.927 [info] > git rev-parse --show-toplevel [10ms]
2023-09-26 21:20:48.927 [info] fatal: not a git repository (or any parent up to mount point /)
Stopping at filesystem boundary (GIT_DISCOVERY_ACROSS_FILESYSTEM not set).
2023-09-26 21:20:48.957 [info] > git rev-parse --show-toplevel [12ms]
2023-09-26 21:20:48.957 [info] fatal: not a git repository (or any parent up to mount point /)
Stopping at filesystem boundary (GIT_DISCOVERY_ACROSS_FILESYSTEM not set).
2023-09-26 21:20:48.983 [info] > git config --get commit.template [29ms]
2023-09-26 21:20:49.013 [info] > git for-each-ref --format=%(refname)%00%(upstream:short)%00%(objectname)%00%(upstream:track)%00%(upstream:remotename)%00%(upstream:remoteref) refs/heads/master refs/remotes/master [3ms]
2023-09-26 21:20:49.026 [info] > git rev-parse --show-toplevel [44ms]
2023-09-26 21:20:49.026 [info] fatal: not a git repository (or any parent up to mount point /)
Stopping at filesystem boundary (GIT_DISCOVERY_ACROSS_FILESYSTEM not set).
2023-09-26 21:20:49.042 [info] > git rev-parse --show-toplevel [2ms]
2023-09-26 21:20:49.042 [info] fatal: not a git repository (or any parent up to mount point /)
Stopping at filesystem boundary (GIT_DISCOVERY_ACROSS_FILESYSTEM not set).
2023-09-26 21:20:49.055 [info] > git rev-parse --show-toplevel [4ms]
2023-09-26 21:20:49.055 [info] fatal: not a git repository (or any parent up to mount point /)
Stopping at filesystem boundary (GIT_DISCOVERY_ACROSS_FILESYSTEM not set).
2023-09-26 21:20:49.119 [info] > git status -z -uall [93ms]
2023-09-26 21:20:49.120 [info] > git rev-parse --show-toplevel [24ms]
2023-09-26 21:20:49.120 [info] fatal: not a git repository (or any parent up to mount point /)
Stopping at filesystem boundary (GIT_DISCOVERY_ACROSS_FILESYSTEM not set).
2023-09-26 21:20:49.550 [info] > git check-ignore -v -z --stdin [20ms]
2023-09-26 21:20:49.574 [info] > git rev-parse --show-toplevel [26ms]
2023-09-26 21:20:49.574 [info] fatal: not a git repository (or any parent up to mount point /)
Stopping at filesystem boundary (GIT_DISCOVERY_ACROSS_FILESYSTEM not set).
2023-09-26 21:20:49.875 [info] > git rev-parse --show-toplevel [287ms]
2023-09-26 21:20:49.875 [info] fatal: not a git repository (or any parent up to mount point /)
Stopping at filesystem boundary (GIT_DISCOVERY_ACROSS_FILESYSTEM not set).
2023-09-26 21:26:04.726 [info] > git rev-parse --show-toplevel [2ms]
2023-09-26 21:26:04.726 [info] fatal: not a git repository (or any parent up to mount point /)
Stopping at filesystem boundary (GIT_DISCOVERY_ACROSS_FILESYSTEM not set).
2023-09-26 21:26:16.046 [info] > git rev-parse --show-toplevel [6ms]
2023-09-26 21:26:16.046 [info] fatal: not a git repository (or any parent up to mount point /)
Stopping at filesystem boundary (GIT_DISCOVERY_ACROSS_FILESYSTEM not set).
2023-09-26 21:35:52.407 [info] > git rev-parse --show-toplevel [5ms]
2023-09-26 21:35:52.407 [info] fatal: not a git repository (or any parent up to mount point /)
Stopping at filesystem boundary (GIT_DISCOVERY_ACROSS_FILESYSTEM not set).
2023-09-26 21:35:57.724 [info] > git rev-parse --show-toplevel [4ms]
2023-09-26 21:35:57.724 [info] fatal: not a git repository (or any parent up to mount point /)
Stopping at filesystem boundary (GIT_DISCOVERY_ACROSS_FILESYSTEM not set).
2023-09-26 21:36:27.188 [info] > git rev-parse --show-toplevel [4ms]
2023-09-26 21:36:27.188 [info] fatal: not a git repository (or any parent up to mount point /)
Stopping at filesystem boundary (GIT_DISCOVERY_ACROSS_FILESYSTEM not set).
2023-09-26 21:37:22.317 [info] > git rev-parse --show-toplevel [2ms]
2023-09-26 21:37:22.317 [info] fatal: not a git repository (or any parent up to mount point /)
Stopping at filesystem boundary (GIT_DISCOVERY_ACROSS_FILESYSTEM not set).
2023-09-26 21:37:49.803 [info] > git rev-parse --show-toplevel [3ms]
2023-09-26 21:37:49.803 [info] fatal: not a git repository (or any parent up to mount point /)
Stopping at filesystem boundary (GIT_DISCOVERY_ACROSS_FILESYSTEM not set).
2023-09-26 21:37:52.456 [info] > git rev-parse --show-toplevel [2ms]
2023-09-26 21:37:52.456 [info] fatal: not a git repository (or any parent up to mount point /)
Stopping at filesystem boundary (GIT_DISCOVERY_ACROSS_FILESYSTEM not set).
2023-09-26 21:39:13.330 [info] > git rev-parse --show-toplevel [2ms]
2023-09-26 21:39:13.330 [info] fatal: not a git repository (or any parent up to mount point /)
Stopping at filesystem boundary (GIT_DISCOVERY_ACROSS_FILESYSTEM not set).
