2023-09-27 01:13:43.822 [info] Experiment 'pythonPromptNewFormatterExt' is active
2023-09-27 01:13:43.822 [info] Experiment 'pythonPromptNewToolsExt' is active
2023-09-27 01:13:43.822 [info] Experiment 'pythonTerminalEnvVarActivation' is active
2023-09-27 01:13:43.822 [info] Experiment 'pythonTestAdaptercf' is active
2023-09-27 01:13:43.890 [info] Test server listening.
2023-09-27 01:13:43.891 [info] Python interpreter path: /bin/python
2023-09-27 01:13:48.541 [info] Starting Pylance language server.
2023-09-27 01:26:56.284 [info] Discover tests for workspace name: leetcode - uri: /home/warrenwu/leetcode/top-k-frequent-elements.py
2023-09-27 01:27:07.072 [info] Discover tests for workspace name: leetcode - uri: /home/warrenwu/leetcode/top-k-frequent-elements.py
2023-09-27 01:28:02.296 [info] Discover tests for workspace name: leetcode - uri: /home/warrenwu/leetcode/top-k-frequent-elements.py
2023-09-27 01:35:18.102 [info] Discover tests for workspace name: leetcode - uri: /home/warrenwu/leetcode/top-k-frequent-elements.py
2023-09-27 01:35:33.320 [info] Discover tests for workspace name: leetcode - uri: /home/warrenwu/leetcode/top-k-frequent-elements.py
2023-09-27 01:36:00.278 [info] Discover tests for workspace name: leetcode - uri: /home/warrenwu/leetcode/top-k-frequent-elements.py
2023-09-27 01:37:07.574 [info] Discover tests for workspace name: leetcode - uri: /home/warrenwu/leetcode/top-k-frequent-elements.py
2023-09-27 01:37:20.885 [info] Discover tests for workspace name: leetcode - uri: /home/warrenwu/leetcode/top-k-frequent-elements.py
2023-09-27 01:37:47.622 [info] Discover tests for workspace name: leetcode - uri: /home/warrenwu/leetcode/top-k-frequent-elements.py
2023-09-27 01:38:27.263 [info] Discover tests for workspace name: leetcode - uri: /home/warrenwu/leetcode/top-k-frequent-elements.py
2023-09-27 01:38:48.674 [info] Discover tests for workspace name: leetcode - uri: /home/warrenwu/leetcode/top-k-frequent-elements.py
2023-09-27 01:38:55.294 [info] Discover tests for workspace name: leetcode - uri: /home/warrenwu/leetcode/top-k-frequent-elements.py
2023-09-27 01:39:18.332 [info] Discover tests for workspace name: leetcode - uri: /home/warrenwu/leetcode/top-k-frequent-elements.py
2023-09-27 01:42:00.664 [info] Discover tests for workspace name: leetcode - uri: /home/warrenwu/leetcode/top-k-frequent-elements.py
2023-09-27 01:42:27.580 [info] Discover tests for workspace name: leetcode - uri: /home/warrenwu/leetcode/top-k-frequent-elements.py
2023-09-27 01:42:42.513 [info] Discover tests for workspace name: leetcode - uri: /home/warrenwu/leetcode/top-k-frequent-elements.py
2023-09-27 01:42:52.405 [info] Discover tests for workspace name: leetcode - uri: /home/warrenwu/leetcode/top-k-frequent-elements.py
2023-09-27 01:43:35.737 [info] Discover tests for workspace name: leetcode - uri: /home/warrenwu/leetcode/top-k-frequent-elements.py
2023-09-27 01:43:54.781 [info] Discover tests for workspace name: leetcode - uri: /home/warrenwu/leetcode/top-k-frequent-elements.py
2023-09-27 01:44:25.597 [info] Discover tests for workspace name: leetcode - uri: /home/warrenwu/leetcode/top-k-frequent-elements.py
2023-09-27 01:44:40.777 [info] Discover tests for workspace name: leetcode - uri: /home/warrenwu/leetcode/top-k-frequent-elements.py
2023-09-27 01:44:55.176 [info] Discover tests for workspace name: leetcode - uri: /home/warrenwu/leetcode/top-k-frequent-elements.py
2023-09-27 01:45:03.633 [info] Discover tests for workspace name: leetcode - uri: /home/warrenwu/leetcode/top-k-frequent-elements.py
2023-09-27 01:48:24.246 [info] Discover tests for workspace name: leetcode - uri: /home/warrenwu/leetcode/top-k-frequent-elements.py
2023-09-27 01:53:08.161 [info] Discover tests for workspace name: leetcode - uri: /home/warrenwu/leetcode/top-k-frequent-elements.py
2023-09-27 01:58:36.542 [info] Discover tests for workspace name: leetcode - uri: /home/warrenwu/leetcode/two-sum-2-input-array-is-sorted.py
2023-09-27 01:58:49.724 [info] Discover tests for workspace name: leetcode - uri: /home/warrenwu/leetcode/two-sum-2-input-array-is-sorted.py
2023-09-27 01:59:10.418 [info] Discover tests for workspace name: leetcode - uri: /home/warrenwu/leetcode/two-sum-2-input-array-is-sorted.py
2023-09-27 01:59:31.045 [info] Discover tests for workspace name: leetcode - uri: /home/warrenwu/leetcode/two-sum-2-input-array-is-sorted.py
