2023-09-26 21:46:56.083 [info] Log level: Info
2023-09-26 21:46:56.083 [info] Validating found git in: "git"
2023-09-26 21:46:56.083 [info] Using git "2.42.0" from "git"
2023-09-26 21:46:56.083 [info] > git rev-parse --show-toplevel [13ms]
2023-09-26 21:46:56.083 [info] fatal: not a git repository (or any parent up to mount point /)
Stopping at filesystem boundary (GIT_DISCOVERY_ACROSS_FILESYSTEM not set).
2023-09-26 21:46:57.432 [info] > git rev-parse --show-toplevel [1050ms]
2023-09-26 21:46:57.432 [info] fatal: not a git repository (or any parent up to mount point /)
Stopping at filesystem boundary (GIT_DISCOVERY_ACROSS_FILESYSTEM not set).
2023-09-26 21:46:57.529 [info] > git rev-parse --show-toplevel [30ms]
2023-09-26 21:46:57.529 [info] fatal: not a git repository (or any parent up to mount point /)
Stopping at filesystem boundary (GIT_DISCOVERY_ACROSS_FILESYSTEM not set).
2023-09-26 21:46:57.551 [info] > git rev-parse --show-toplevel [6ms]
2023-09-26 21:46:57.551 [info] fatal: not a git repository (or any parent up to mount point /)
Stopping at filesystem boundary (GIT_DISCOVERY_ACROSS_FILESYSTEM not set).
2023-09-26 21:46:57.565 [info] > git rev-parse --show-toplevel [5ms]
2023-09-26 21:46:57.565 [info] fatal: not a git repository (or any parent up to mount point /)
Stopping at filesystem boundary (GIT_DISCOVERY_ACROSS_FILESYSTEM not set).
2023-09-26 21:46:57.590 [info] > git rev-parse --show-toplevel [6ms]
2023-09-26 21:46:57.591 [info] fatal: not a git repository (or any parent up to mount point /)
Stopping at filesystem boundary (GIT_DISCOVERY_ACROSS_FILESYSTEM not set).
2023-09-26 21:47:15.815 [info] > git rev-parse --show-toplevel [1ms]
2023-09-26 21:47:15.815 [info] fatal: not a git repository (or any parent up to mount point /)
Stopping at filesystem boundary (GIT_DISCOVERY_ACROSS_FILESYSTEM not set).
2023-09-26 21:49:26.680 [info] > git rev-parse --show-toplevel [2ms]
2023-09-26 21:49:26.680 [info] fatal: not a git repository (or any parent up to mount point /)
Stopping at filesystem boundary (GIT_DISCOVERY_ACROSS_FILESYSTEM not set).
2023-09-26 21:50:57.301 [info] > git rev-parse --show-toplevel [16ms]
2023-09-26 21:50:57.302 [info] fatal: not a git repository (or any parent up to mount point /)
Stopping at filesystem boundary (GIT_DISCOVERY_ACROSS_FILESYSTEM not set).
2023-09-26 21:51:00.874 [info] > git rev-parse --show-toplevel [1ms]
2023-09-26 21:51:00.874 [info] fatal: not a git repository (or any parent up to mount point /)
Stopping at filesystem boundary (GIT_DISCOVERY_ACROSS_FILESYSTEM not set).
2023-09-26 21:51:02.846 [info] > git rev-parse --show-toplevel [3ms]
2023-09-26 21:51:02.846 [info] fatal: not a git repository (or any parent up to mount point /)
Stopping at filesystem boundary (GIT_DISCOVERY_ACROSS_FILESYSTEM not set).
2023-09-26 21:51:09.311 [info] > git rev-parse --show-toplevel [2ms]
2023-09-26 21:51:09.311 [info] fatal: not a git repository (or any parent up to mount point /)
Stopping at filesystem boundary (GIT_DISCOVERY_ACROSS_FILESYSTEM not set).
2023-09-26 21:55:42.084 [info] > git rev-parse --show-toplevel [2ms]
2023-09-26 21:55:42.084 [info] fatal: not a git repository (or any parent up to mount point /)
Stopping at filesystem boundary (GIT_DISCOVERY_ACROSS_FILESYSTEM not set).
