2023-09-26 19:51:12.652 [info] Extension host with pid 25153 started
2023-09-26 19:51:12.652 [info] Skipping acquiring lock for /home/warrenwu/.config/Code - OSS/User/workspaceStorage/61ae478615de2a8d70a130eea1194c86.
2023-09-26 19:51:12.710 [info] ExtensionService#_doActivateExtension vscode.git-base, startup: true, activationEvent: '*', root cause: vscode.git
2023-09-26 19:51:12.716 [info] ExtensionService#_doActivateExtension s-nlf-fh.glassit, startup: true, activationEvent: '*'
2023-09-26 19:51:13.101 [info] ExtensionService#_doActivateExtension vscode.git, startup: true, activationEvent: '*'
2023-09-26 19:51:13.148 [info] ExtensionService#_doActivateExtension vscode.github, startup: true, activationEvent: '*'
2023-09-26 19:51:13.259 [info] Eager extensions activated
2023-09-26 19:51:13.381 [info] ExtensionService#_doActivateExtension vscode.debug-auto-launch, startup: false, activationEvent: 'onStartupFinished'
2023-09-26 19:51:13.384 [info] ExtensionService#_doActivateExtension vscode.merge-conflict, startup: false, activationEvent: 'onStartupFinished'
2023-09-26 19:51:13.405 [info] ExtensionService#_doActivateExtension aaron-bond.better-comments, startup: false, activationEvent: 'onStartupFinished'
2023-09-26 19:51:13.411 [info] ExtensionService#_doActivateExtension esbenp.prettier-vscode, startup: false, activationEvent: 'onStartupFinished'
2023-09-26 19:51:13.467 [info] ExtensionService#_doActivateExtension vscode.json-language-features, startup: false, activationEvent: 'onLanguage:jsonc'
2023-09-26 19:51:13.524 [info] ExtensionService#_doActivateExtension vscode.typescript-language-features, startup: false, activationEvent: 'onLanguage:jsonc'
2023-09-26 19:51:13.556 [info] ExtensionService#_doActivateExtension vscode.emmet, startup: false, activationEvent: 'onLanguage'
2023-09-26 19:51:35.104 [info] Extension host terminating: renderer closed the MessagePort
2023-09-26 19:51:35.207 [info] Extension host with pid 25153 exiting with code 0
2023-09-26 19:51:36.741 [info] Extension host with pid 25289 started
2023-09-26 19:51:36.741 [info] Skipping acquiring lock for /home/warrenwu/.config/Code - OSS/User/workspaceStorage/61ae478615de2a8d70a130eea1194c86.
2023-09-26 19:51:36.879 [info] ExtensionService#_doActivateExtension vscode.emmet, startup: false, activationEvent: 'onLanguage'
2023-09-26 19:51:36.947 [info] ExtensionService#_doActivateExtension vscode.git-base, startup: true, activationEvent: '*', root cause: vscode.git
2023-09-26 19:51:36.972 [info] ExtensionService#_doActivateExtension vscode.git, startup: true, activationEvent: '*'
2023-09-26 19:51:37.008 [info] ExtensionService#_doActivateExtension vscode.github, startup: true, activationEvent: '*'
2023-09-26 19:51:37.064 [info] Eager extensions activated
2023-09-26 19:51:37.096 [info] ExtensionService#_doActivateExtension vscode.debug-auto-launch, startup: false, activationEvent: 'onStartupFinished'
2023-09-26 19:51:37.104 [info] ExtensionService#_doActivateExtension vscode.merge-conflict, startup: false, activationEvent: 'onStartupFinished'
2023-09-26 19:51:37.123 [info] ExtensionService#_doActivateExtension aaron-bond.better-comments, startup: false, activationEvent: 'onStartupFinished'
2023-09-26 19:51:37.129 [info] ExtensionService#_doActivateExtension esbenp.prettier-vscode, startup: false, activationEvent: 'onStartupFinished'
2023-09-26 19:52:13.749 [info] Extension host terminating: renderer closed the MessagePort
2023-09-26 19:52:13.758 [info] Extension host with pid 25289 exiting with code 0
