2023-09-26 04:33:30.071 [info] Log level: Info
2023-09-26 04:33:30.071 [info] Validating found git in: "git"
2023-09-26 04:33:30.109 [info] Using git "2.42.0" from "git"
2023-09-26 04:33:30.147 [info] > git rev-parse --show-toplevel [4ms]
2023-09-26 04:33:30.147 [info] fatal: not a git repository (or any parent up to mount point /)
Stopping at filesystem boundary (GIT_DISCOVERY_ACROSS_FILESYSTEM not set).
2023-09-26 04:33:30.159 [info] > git rev-parse --show-toplevel [2ms]
2023-09-26 04:33:30.159 [info] fatal: not a git repository (or any parent up to mount point /)
Stopping at filesystem boundary (GIT_DISCOVERY_ACROSS_FILESYSTEM not set).
2023-09-26 04:33:30.167 [info] > git rev-parse --show-toplevel [2ms]
2023-09-26 04:33:30.167 [info] fatal: not a git repository (or any parent up to mount point /)
Stopping at filesystem boundary (GIT_DISCOVERY_ACROSS_FILESYSTEM not set).
2023-09-26 04:33:30.175 [info] > git rev-parse --show-toplevel [2ms]
2023-09-26 04:33:30.175 [info] fatal: not a git repository (or any parent up to mount point /)
Stopping at filesystem boundary (GIT_DISCOVERY_ACROSS_FILESYSTEM not set).
2023-09-26 04:33:30.184 [info] > git rev-parse --show-toplevel [2ms]
2023-09-26 04:33:30.185 [info] fatal: not a git repository (or any parent up to mount point /)
Stopping at filesystem boundary (GIT_DISCOVERY_ACROSS_FILESYSTEM not set).
2023-09-26 04:33:30.195 [info] > git rev-parse --show-toplevel [2ms]
2023-09-26 04:33:30.204 [info] > git rev-parse --git-dir --git-common-dir [1ms]
2023-09-26 04:33:30.227 [info] Open repository: /home/warrenwu/.oh-my-zsh
2023-09-26 04:33:30.250 [info] > git rev-parse --show-toplevel [2ms]
2023-09-26 04:33:30.250 [info] fatal: not a git repository (or any parent up to mount point /)
Stopping at filesystem boundary (GIT_DISCOVERY_ACROSS_FILESYSTEM not set).
2023-09-26 04:33:30.250 [info] > git config --get commit.template [11ms]
2023-09-26 04:33:30.267 [info] > git rev-parse --show-toplevel [8ms]
2023-09-26 04:33:30.267 [info] fatal: not a git repository (or any parent up to mount point /)
Stopping at filesystem boundary (GIT_DISCOVERY_ACROSS_FILESYSTEM not set).
2023-09-26 04:33:30.272 [info] > git rev-parse --show-toplevel [1ms]
2023-09-26 04:33:30.272 [info] fatal: not a git repository (or any parent up to mount point /)
Stopping at filesystem boundary (GIT_DISCOVERY_ACROSS_FILESYSTEM not set).
2023-09-26 04:33:30.280 [info] > git rev-parse --show-toplevel [2ms]
2023-09-26 04:33:30.280 [info] fatal: not a git repository (or any parent up to mount point /)
Stopping at filesystem boundary (GIT_DISCOVERY_ACROSS_FILESYSTEM not set).
2023-09-26 04:33:30.318 [info] > git for-each-ref --format=%(refname)%00%(upstream:short)%00%(objectname)%00%(upstream:track)%00%(upstream:remotename)%00%(upstream:remoteref) refs/heads/master refs/remotes/master [53ms]
2023-09-26 04:33:30.767 [info] > git check-ignore -v -z --stdin [3ms]
2023-09-26 04:33:31.022 [info] > git status -z -uall [664ms]
2023-09-26 04:33:31.039 [info] > git config --get commit.template [3ms]
2023-09-26 04:33:31.234 [info] > git for-each-ref --format=%(refname)%00%(upstream:short)%00%(objectname)%00%(upstream:track)%00%(upstream:remotename)%00%(upstream:remoteref) refs/heads/master refs/remotes/master [189ms]
2023-09-26 04:33:31.283 [info] > git status -z -uall [43ms]
