2023-09-27 02:26:21.696 [info] Reading sessions from keychain...
2023-09-27 02:26:21.696 [info] Getting sessions for all scopes...
2023-09-27 02:26:21.696 [info] Got stored sessions!
2023-09-27 02:26:21.696 [info] Got 1 verified sessions.
2023-09-27 02:26:21.696 [info] Got 1 sessions for ...
2023-09-27 02:26:21.696 [info] Getting sessions for user:email...
2023-09-27 02:26:21.696 [info] Got 1 sessions for user:email...
2023-09-27 02:26:21.697 [info] Getting sessions for read:user...
2023-09-27 02:26:21.697 [info] Got 0 sessions for read:user...
2023-09-27 02:26:21.697 [info] Getting sessions for user:email...
2023-09-27 02:26:21.697 [info] Got 1 sessions for user:email...
2023-09-27 02:26:21.734 [info] Getting sessions for all scopes...
2023-09-27 02:26:21.734 [info] Got 1 sessions for ...
2023-09-27 02:26:21.759 [info] Getting sessions for user:email...
2023-09-27 02:26:21.759 [info] Got 1 sessions for user:email...
2023-09-27 02:26:22.604 [info] Getting sessions for all scopes...
2023-09-27 02:26:22.605 [info] Got 1 sessions for ...
2023-09-27 02:26:22.807 [info] Getting sessions for user:email...
2023-09-27 02:26:22.807 [info] Got 1 sessions for user:email...
2023-09-27 02:51:22.670 [info] Getting sessions for user:email...
2023-09-27 02:51:22.670 [info] Got 1 sessions for user:email...
2023-09-27 02:51:22.706 [info] Getting sessions for read:user...
2023-09-27 02:51:22.706 [info] Got 0 sessions for read:user...
2023-09-27 02:51:22.709 [info] Getting sessions for user:email...
2023-09-27 02:51:22.709 [info] Got 1 sessions for user:email...
2023-09-27 16:48:53.920 [info] Getting sessions for read:user...
2023-09-27 16:48:53.920 [info] Got 0 sessions for read:user...
2023-09-27 16:48:54.476 [info] Getting sessions for user:email...
2023-09-27 16:48:54.476 [info] Got 1 sessions for user:email...
2023-09-27 16:48:54.482 [info] Getting sessions for read:user...
2023-09-27 16:48:54.482 [info] Got 0 sessions for read:user...
2023-09-27 16:48:54.487 [info] Getting sessions for user:email...
2023-09-27 16:48:54.487 [info] Got 1 sessions for user:email...
2023-09-27 16:48:54.532 [info] Getting sessions for read:user...
2023-09-27 16:48:54.532 [info] Got 0 sessions for read:user...
2023-09-27 16:48:54.533 [info] Getting sessions for user:email...
2023-09-27 16:48:54.533 [info] Got 1 sessions for user:email...
2023-09-27 16:48:54.683 [info] Getting sessions for read:user...
2023-09-27 16:48:54.683 [info] Got 0 sessions for read:user...
2023-09-27 16:48:54.685 [info] Getting sessions for user:email...
2023-09-27 16:48:54.685 [info] Got 1 sessions for user:email...
2023-09-27 17:13:54.893 [info] Getting sessions for read:user...
2023-09-27 17:13:54.893 [info] Got 0 sessions for read:user...
2023-09-27 17:13:54.895 [info] Getting sessions for user:email...
2023-09-27 17:13:54.895 [info] Got 1 sessions for user:email...
